c:\users\stella\star\assetdatabase\x64\debug\assetdatabase.pch
c:\users\stella\star\assetdatabase\x64\debug\vc142.pdb
c:\users\stella\star\assetdatabase\x64\debug\vc142.idb
c:\users\stella\star\assetdatabase\x64\debug\pch.obj
c:\users\stella\star\assetdatabase\x64\debug\plyimporter.obj
c:\users\stella\star\assetdatabase\x64\debug\meshassetimporter.obj
c:\users\stella\star\assetdatabase\x64\debug\dllmain.obj
c:\users\stella\star\assetdatabase\x64\debug\assetutils.obj
c:\users\stella\star\assetdatabase\x64\debug\assetimporttask.obj
c:\users\stella\star\assetdatabase\x64\debug\assetimporter.obj
c:\users\stella\star\assetdatabase\x64\debug\asset.obj
c:\users\stella\star\assetdatabase\x64\debug\mesh.obj
c:\users\stella\source\repos\star engine\x64\debug\assetdatabase.ilk
c:\users\stella\source\repos\star engine\x64\debug\assetdatabase.dll
c:\users\stella\source\repos\star engine\x64\debug\assetdatabase.pdb
c:\users\stella\star\assetdatabase\x64\debug\assetdatabase.tlog\cl.command.1.tlog
c:\users\stella\star\assetdatabase\x64\debug\assetdatabase.tlog\cl.read.1.tlog
c:\users\stella\star\assetdatabase\x64\debug\assetdatabase.tlog\cl.write.1.tlog
c:\users\stella\star\assetdatabase\x64\debug\assetdatabase.tlog\link.command.1.tlog
c:\users\stella\star\assetdatabase\x64\debug\assetdatabase.tlog\link.read.1.tlog
c:\users\stella\star\assetdatabase\x64\debug\assetdatabase.tlog\link.write.1.tlog
